<?xml version="1.0" encoding="UTF-8"?>
<!-- Generated by org.testng.reporters.JUnitReportReporter -->
<testsuite hostname="DESKTOP-H5PSRKV" name="com.msStore.TC02WP" tests="1" failures="0" timestamp="4 Jun 2018 04:21:49 GMT" time="21.379" errors="0">
  <testcase name="AddtoCarttest" time="21.379" classname="com.msStore.TC02WP"/>
</testsuite> <!-- com.msStore.TC02WP -->
