<?xml version="1.0" encoding="UTF-8"?>
<!-- Generated by org.testng.reporters.JUnitReportReporter -->
<testsuite hostname="DESKTOP-H5PSRKV" name="com.msStore.TestValidLoginPage" tests="1" failures="0" timestamp="8 Jun 2018 16:35:37 GMT" time="23.234" errors="0">
  <testcase name="validationLoginPage1" time="23.234" classname="com.msStore.TestValidLoginPage"/>
</testsuite> <!-- com.msStore.TestValidLoginPage -->
