<?xml version="1.0" encoding="UTF-8"?>
<!-- Generated by org.testng.reporters.JUnitReportReporter -->
<testsuite hostname="DESKTOP-H5PSRKV" name="com.msStore.TestHomePage" tests="1" failures="0" timestamp="7 Jun 2018 15:48:49 GMT" time="33.222" errors="0">
  <testcase name="testHomePage" time="33.222" classname="com.msStore.TestHomePage"/>
</testsuite> <!-- com.msStore.TestHomePage -->
