<?xml version="1.0" encoding="UTF-8"?>
<!-- Generated by org.testng.reporters.JUnitReportReporter -->
<testsuite hostname="DESKTOP-H5PSRKV" name="com.msStore.TC01HP" tests="1" failures="0" timestamp="4 Jun 2018 05:30:12 GMT" time="13.050" errors="0">
  <testcase name="testHomePage" time="13.050" classname="com.msStore.TC01HP"/>
</testsuite> <!-- com.msStore.TC01HP -->
