<?xml version="1.0" encoding="UTF-8"?>
<!-- Generated by org.testng.reporters.JUnitReportReporter -->
<testsuite hostname="DESKTOP-H5PSRKV" name="com.msStore.TestAddProductToCart" tests="1" failures="0" timestamp="6 Jun 2018 16:37:05 GMT" time="36.362" errors="0">
  <testcase name="AddtoCarttest" time="36.362" classname="com.msStore.TestAddProductToCart"/>
</testsuite> <!-- com.msStore.TestAddProductToCart -->
